2026-01-05 14:52:29,222 | INFO | root | Class distribution: {np.int64(0): 10905, np.int64(1): 5961, np.int64(2): 2481}
2026-01-05 14:52:29,829 | INFO | root | Built IDF mapping for 92031 tokens
2026-01-05 14:52:35,529 | INFO | gensim.utils | loading FastText object from C:\Users\nuwai\Documents\Sophia_Skill_Development\Sophia_projects\Burmese Scam Detector\burmese_money_scam_classification\.venv\Lib\fasttext.model
2026-01-05 14:57:28,426 | INFO | root | Class distribution: {np.int64(0): 10905, np.int64(1): 5961, np.int64(2): 2481}
2026-01-05 14:57:29,037 | INFO | root | Built IDF mapping for 92031 tokens
2026-01-05 14:57:30,431 | INFO | gensim.utils | loading FastText object from C:\Users\nuwai\Documents\Sophia_Skill_Development\Sophia_projects\Burmese Scam Detector\burmese_money_scam_classification\.venv\Lib\fasttext.model
2026-01-05 14:59:37,295 | INFO | root | Class distribution: {np.int64(0): 10905, np.int64(1): 5961, np.int64(2): 2481}
2026-01-05 14:59:37,864 | INFO | root | Built IDF mapping for 92031 tokens
2026-01-05 14:59:39,157 | INFO | gensim.utils | loading FastText object from C:\Users\nuwai\Documents\Sophia_Skill_Development\Sophia_projects\Burmese Scam Detector\burmese_money_scam_classification\.venv\Lib\models\fasttext_mmdt.model
2026-01-05 15:04:06,988 | INFO | root | Class distribution: {np.int64(0): 10905, np.int64(1): 5961, np.int64(2): 2481}
2026-01-05 15:04:07,817 | INFO | root | Built IDF mapping for 107797 tokens
2026-01-05 15:04:09,371 | INFO | gensim.utils | loading FastText object from C:\Users\nuwai\Documents\Sophia_Skill_Development\Sophia_projects\Burmese Scam Detector\burmese_money_scam_classification\.venv\Lib\models\fasttext_mmdt.model
2026-01-05 15:05:11,629 | INFO | root | Class distribution: {np.int64(0): 10905, np.int64(1): 5961, np.int64(2): 2481}
2026-01-05 15:05:12,443 | INFO | root | Built IDF mapping for 107797 tokens
2026-01-05 15:05:13,823 | INFO | gensim.utils | loading FastText object from C:\Users\nuwai\Documents\Sophia_Skill_Development\Sophia_projects\Burmese Scam Detector\burmese_money_scam_classification\.venv\Lib\models\fasttext_mmdt.model
2026-01-05 15:07:19,407 | INFO | root | Class distribution: {np.int64(0): 10905, np.int64(1): 5961, np.int64(2): 2481}
2026-01-05 15:07:20,173 | INFO | root | Built IDF mapping for 107797 tokens
2026-01-05 15:07:21,389 | INFO | gensim.utils | loading FastText object from C:\Users\nuwai\Documents\Sophia_Skill_Development\Sophia_projects\Burmese Scam Detector\burmese_money_scam_classification\.venv\Lib\models\fasttext_mmdt.model
2026-01-05 15:15:23,475 | INFO | root | Class distribution: {np.int64(0): 10905, np.int64(1): 5961, np.int64(2): 2481}
2026-01-05 15:15:24,201 | INFO | root | Built IDF mapping for 107797 tokens
2026-01-05 15:15:25,574 | INFO | gensim.utils | loading FastText object from C:\Users\nuwai\Documents\Sophia_Skill_Development\Sophia_projects\Burmese Scam Detector\burmese_money_scam_classification\.venv\Lib\models\fasttext_mmdt.model
2026-01-05 15:17:42,847 | INFO | root | Class distribution: {np.int64(0): 10905, np.int64(1): 5961, np.int64(2): 2481}
2026-01-05 15:17:43,548 | INFO | root | Built IDF mapping for 107797 tokens
2026-01-05 15:17:44,703 | INFO | gensim.utils | loading FastText object from C:\Users\nuwai\Documents\Sophia_Skill_Development\Sophia_projects\Burmese Scam Detector\burmese_money_scam_classification\.venv\Lib\models\fasttext_mmdt.model
2026-01-05 15:20:24,289 | INFO | root | Class distribution: {np.int64(0): 10905, np.int64(1): 5961, np.int64(2): 2481}
2026-01-05 15:20:25,039 | INFO | root | Built IDF mapping for 107797 tokens
2026-01-05 15:20:26,216 | INFO | gensim.utils | loading FastText object from C:\Users\nuwai\Documents\Sophia_Skill_Development\Sophia_projects\Burmese Scam Detector\burmese_money_scam_classification\.venv\Lib\models\fasttext_mmdt.model
2026-01-05 15:26:19,348 | INFO | root | Class distribution: {np.int64(0): 10905, np.int64(1): 5961, np.int64(2): 2481}
2026-01-05 15:26:20,104 | INFO | root | Built IDF mapping for 107797 tokens
2026-01-05 15:26:21,260 | INFO | gensim.utils | loading FastText object from C:\Users\nuwai\Documents\Sophia_Skill_Development\Sophia_projects\Burmese Scam Detector\burmese_money_scam_classification\.venv\Lib\models\fasttext_mmdt.model
2026-01-05 15:33:41,787 | INFO | root | Class distribution: {np.int64(0): 10905, np.int64(1): 5961, np.int64(2): 2481}
2026-01-05 15:33:42,489 | INFO | root | Built IDF mapping for 107797 tokens
2026-01-05 15:33:43,653 | INFO | gensim.utils | loading FastText object from C:\Users\nuwai\Documents\Sophia_Skill_Development\Sophia_projects\Burmese Scam Detector\burmese_money_scam_classification\.venv\Lib\models\fasttext_mmdt.model
2026-01-05 15:34:10,284 | INFO | root | Class distribution: {np.int64(0): 10905, np.int64(1): 5961, np.int64(2): 2481}
2026-01-05 15:34:10,960 | INFO | root | Built IDF mapping for 107797 tokens
2026-01-05 15:34:12,084 | INFO | gensim.utils | loading FastText object from C:\Users\nuwai\Documents\Sophia_Skill_Development\Sophia_projects\Burmese Scam Detector\burmese_money_scam_classification\.venv\Lib\models\fasttext_mmdt.model
2026-01-05 17:11:21,329 | INFO | root | Class distribution: {np.int64(0): 10905, np.int64(1): 5961, np.int64(2): 2481}
2026-01-05 17:11:24,166 | INFO | root | Fold 1 Logistic Regression | F1 0.8823 | AUC 0.9679 | LogLoss 0.3381
2026-01-05 17:11:25,421 | INFO | root | Fold 2 Logistic Regression | F1 0.8790 | AUC 0.9623 | LogLoss 0.3570
2026-01-05 17:11:26,650 | INFO | root | Fold 3 Logistic Regression | F1 0.8852 | AUC 0.9694 | LogLoss 0.3369
2026-01-05 17:11:28,150 | INFO | root | Fold 4 Logistic Regression | F1 0.8719 | AUC 0.9656 | LogLoss 0.3518
2026-01-05 17:11:30,011 | INFO | root | Fold 5 Logistic Regression | F1 0.8709 | AUC 0.9648 | LogLoss 0.3565
2026-01-05 17:11:33,356 | INFO | root | Fold 1 Decision Tree | F1 0.8286 | AUC 0.8424 | LogLoss 5.9380
2026-01-05 17:11:36,384 | INFO | root | Fold 2 Decision Tree | F1 0.8085 | AUC 0.8237 | LogLoss 6.7834
2026-01-05 17:11:39,289 | INFO | root | Fold 3 Decision Tree | F1 0.8334 | AUC 0.8472 | LogLoss 5.7416
2026-01-05 17:11:42,314 | INFO | root | Fold 4 Decision Tree | F1 0.8254 | AUC 0.8412 | LogLoss 6.1422
2026-01-05 17:11:45,571 | INFO | root | Fold 5 Decision Tree | F1 0.8297 | AUC 0.8454 | LogLoss 5.9694
2026-01-05 17:11:59,505 | INFO | root | Fold 1 Random Forest | F1 0.8819 | AUC 0.9689 | LogLoss 0.3376
2026-01-05 17:12:13,849 | INFO | root | Fold 2 Random Forest | F1 0.8784 | AUC 0.9686 | LogLoss 0.3559
2026-01-05 17:12:28,169 | INFO | root | Fold 3 Random Forest | F1 0.8896 | AUC 0.9712 | LogLoss 0.3317
2026-01-05 17:12:41,673 | INFO | root | Fold 4 Random Forest | F1 0.8832 | AUC 0.9691 | LogLoss 0.3630
2026-01-05 17:12:55,759 | INFO | root | Fold 5 Random Forest | F1 0.8853 | AUC 0.9697 | LogLoss 0.3387
2026-01-05 17:13:16,602 | INFO | root | Fold 1 XGBoost | F1 0.8992 | AUC 0.9730 | LogLoss 0.2667
2026-01-05 17:13:38,459 | INFO | root | Fold 2 XGBoost | F1 0.8866 | AUC 0.9699 | LogLoss 0.2831
2026-01-05 17:14:00,344 | INFO | root | Fold 3 XGBoost | F1 0.9058 | AUC 0.9760 | LogLoss 0.2565
2026-01-05 17:14:22,161 | INFO | root | Fold 4 XGBoost | F1 0.8897 | AUC 0.9726 | LogLoss 0.2755
2026-01-05 17:14:43,817 | INFO | root | Fold 5 XGBoost | F1 0.8915 | AUC 0.9724 | LogLoss 0.2752
2026-01-05 17:16:16,105 | INFO | root | Fold 1 SVM | F1 0.9015 | AUC 0.9727 | LogLoss 0.2712
2026-01-05 17:17:50,250 | INFO | root | Fold 2 SVM | F1 0.8904 | AUC 0.9679 | LogLoss 0.2939
2026-01-05 17:19:29,578 | INFO | root | Fold 3 SVM | F1 0.9021 | AUC 0.9734 | LogLoss 0.2734
2026-01-05 17:21:12,594 | INFO | root | Fold 4 SVM | F1 0.8948 | AUC 0.9715 | LogLoss 0.2832
2026-01-05 17:23:00,789 | INFO | root | Fold 5 SVM | F1 0.8928 | AUC 0.9715 | LogLoss 0.2849
2026-01-05 17:23:02,170 | INFO | root | Fold 1 Naive Bayes | F1 0.8601 | AUC 0.9625 | LogLoss 0.3400
2026-01-05 17:23:03,300 | INFO | root | Fold 2 Naive Bayes | F1 0.8534 | AUC 0.9578 | LogLoss 0.3512
2026-01-05 17:23:04,416 | INFO | root | Fold 3 Naive Bayes | F1 0.8676 | AUC 0.9634 | LogLoss 0.3396
2026-01-05 17:23:05,557 | INFO | root | Fold 4 Naive Bayes | F1 0.8559 | AUC 0.9596 | LogLoss 0.3485
2026-01-05 17:23:06,634 | INFO | root | Fold 5 Naive Bayes | F1 0.8530 | AUC 0.9578 | LogLoss 0.3548
2026-01-05 17:23:38,292 | INFO | root | Best hyperparameters for SVM: {'classifier__kernel': 'linear', 'classifier__gamma': 0.01, 'classifier__degree': 2, 'classifier__C': 1}
2026-01-05 17:25:56,632 | INFO | root | Best model SVM with CV F1 0.8963 | Test weighted F1 0.8914
2026-01-05 17:27:34,832 | INFO | root | Class distribution: {np.int64(0): 10905, np.int64(1): 5961, np.int64(2): 2481}
2026-01-05 17:27:35,581 | INFO | root | Built IDF mapping for 107797 tokens
2026-01-05 17:27:37,906 | INFO | gensim.utils | loading FastText object from C:\Users\nuwai\Documents\Sophia_Skill_Development\Sophia_projects\Burmese Scam Detector\burmese_money_scam_classification\models\fasttext_mmdt.model
2026-01-05 17:27:37,974 | INFO | gensim.utils | loading wv recursively from C:\Users\nuwai\Documents\Sophia_Skill_Development\Sophia_projects\Burmese Scam Detector\burmese_money_scam_classification\models\fasttext_mmdt.model.wv.* with mmap=None
2026-01-05 17:27:37,976 | INFO | gensim.utils | loading vectors_vocab from C:\Users\nuwai\Documents\Sophia_Skill_Development\Sophia_projects\Burmese Scam Detector\burmese_money_scam_classification\models\fasttext_mmdt.model.wv.vectors_vocab.npy with mmap=None
2026-01-05 17:27:38,160 | INFO | gensim.utils | loading vectors_ngrams from C:\Users\nuwai\Documents\Sophia_Skill_Development\Sophia_projects\Burmese Scam Detector\burmese_money_scam_classification\models\fasttext_mmdt.model.wv.vectors_ngrams.npy with mmap=None
2026-01-05 17:28:04,668 | INFO | gensim.utils | setting ignored attribute vectors to None
2026-01-05 17:28:04,715 | INFO | gensim.utils | setting ignored attribute buckets_word to None
2026-01-05 17:28:17,919 | INFO | gensim.utils | loading syn1neg from C:\Users\nuwai\Documents\Sophia_Skill_Development\Sophia_projects\Burmese Scam Detector\burmese_money_scam_classification\models\fasttext_mmdt.model.syn1neg.npy with mmap=None
2026-01-05 17:28:18,152 | INFO | gensim.utils | setting ignored attribute cum_table to None
2026-01-05 17:28:19,174 | INFO | gensim.utils | FastText lifecycle event {'fname': 'C:\\Users\\nuwai\\Documents\\Sophia_Skill_Development\\Sophia_projects\\Burmese Scam Detector\\burmese_money_scam_classification\\models\\fasttext_mmdt.model', 'datetime': '2026-01-05T17:28:19.172046', 'gensim': '4.4.0', 'python': '3.11.13 | packaged by Anaconda, Inc. | (main, Jun  5 2025, 13:03:15) [MSC v.1929 64 bit (AMD64)]', 'platform': 'Windows-10-10.0.19045-SP0', 'event': 'loaded'}
2026-01-05 17:29:00,532 | INFO | root | Fold 1 Logistic Regression | F1 0.8859 | AUC 0.9655 | LogLoss 0.3557
2026-01-05 17:29:00,633 | INFO | gensim.utils | loading FastText object from C:\Users\nuwai\Documents\Sophia_Skill_Development\Sophia_projects\Burmese Scam Detector\burmese_money_scam_classification\models\fasttext_mmdt.model
2026-01-05 17:29:00,851 | INFO | gensim.utils | loading wv recursively from C:\Users\nuwai\Documents\Sophia_Skill_Development\Sophia_projects\Burmese Scam Detector\burmese_money_scam_classification\models\fasttext_mmdt.model.wv.* with mmap=None
2026-01-05 17:29:00,853 | INFO | gensim.utils | loading vectors_vocab from C:\Users\nuwai\Documents\Sophia_Skill_Development\Sophia_projects\Burmese Scam Detector\burmese_money_scam_classification\models\fasttext_mmdt.model.wv.vectors_vocab.npy with mmap=None
2026-01-05 17:29:03,382 | INFO | gensim.utils | loading vectors_ngrams from C:\Users\nuwai\Documents\Sophia_Skill_Development\Sophia_projects\Burmese Scam Detector\burmese_money_scam_classification\models\fasttext_mmdt.model.wv.vectors_ngrams.npy with mmap=None
2026-01-05 17:29:46,369 | INFO | gensim.utils | setting ignored attribute vectors to None
2026-01-05 17:29:47,881 | INFO | gensim.utils | setting ignored attribute buckets_word to None
2026-01-05 17:30:20,653 | INFO | gensim.utils | loading syn1neg from C:\Users\nuwai\Documents\Sophia_Skill_Development\Sophia_projects\Burmese Scam Detector\burmese_money_scam_classification\models\fasttext_mmdt.model.syn1neg.npy with mmap=None
2026-01-05 17:30:23,887 | INFO | gensim.utils | setting ignored attribute cum_table to None
2026-01-05 17:30:26,744 | INFO | gensim.utils | FastText lifecycle event {'fname': 'C:\\Users\\nuwai\\Documents\\Sophia_Skill_Development\\Sophia_projects\\Burmese Scam Detector\\burmese_money_scam_classification\\models\\fasttext_mmdt.model', 'datetime': '2026-01-05T17:30:26.703310', 'gensim': '4.4.0', 'python': '3.11.13 | packaged by Anaconda, Inc. | (main, Jun  5 2025, 13:03:15) [MSC v.1929 64 bit (AMD64)]', 'platform': 'Windows-10-10.0.19045-SP0', 'event': 'loaded'}
2026-01-05 17:31:08,318 | INFO | root | Fold 2 Logistic Regression | F1 0.8881 | AUC 0.9655 | LogLoss 0.3541
2026-01-05 17:31:08,363 | INFO | gensim.utils | loading FastText object from C:\Users\nuwai\Documents\Sophia_Skill_Development\Sophia_projects\Burmese Scam Detector\burmese_money_scam_classification\models\fasttext_mmdt.model
2026-01-05 17:31:08,716 | INFO | gensim.utils | loading wv recursively from C:\Users\nuwai\Documents\Sophia_Skill_Development\Sophia_projects\Burmese Scam Detector\burmese_money_scam_classification\models\fasttext_mmdt.model.wv.* with mmap=None
2026-01-05 17:31:08,726 | INFO | gensim.utils | loading vectors_vocab from C:\Users\nuwai\Documents\Sophia_Skill_Development\Sophia_projects\Burmese Scam Detector\burmese_money_scam_classification\models\fasttext_mmdt.model.wv.vectors_vocab.npy with mmap=None
2026-01-05 17:31:09,384 | INFO | gensim.utils | loading vectors_ngrams from C:\Users\nuwai\Documents\Sophia_Skill_Development\Sophia_projects\Burmese Scam Detector\burmese_money_scam_classification\models\fasttext_mmdt.model.wv.vectors_ngrams.npy with mmap=None
2026-01-05 17:31:40,225 | INFO | gensim.utils | setting ignored attribute vectors to None
2026-01-05 17:31:40,260 | INFO | gensim.utils | setting ignored attribute buckets_word to None
2026-01-05 17:31:56,274 | INFO | gensim.utils | loading syn1neg from C:\Users\nuwai\Documents\Sophia_Skill_Development\Sophia_projects\Burmese Scam Detector\burmese_money_scam_classification\models\fasttext_mmdt.model.syn1neg.npy with mmap=None
2026-01-05 17:31:56,550 | INFO | gensim.utils | setting ignored attribute cum_table to None
2026-01-05 17:31:57,659 | INFO | gensim.utils | FastText lifecycle event {'fname': 'C:\\Users\\nuwai\\Documents\\Sophia_Skill_Development\\Sophia_projects\\Burmese Scam Detector\\burmese_money_scam_classification\\models\\fasttext_mmdt.model', 'datetime': '2026-01-05T17:31:57.657665', 'gensim': '4.4.0', 'python': '3.11.13 | packaged by Anaconda, Inc. | (main, Jun  5 2025, 13:03:15) [MSC v.1929 64 bit (AMD64)]', 'platform': 'Windows-10-10.0.19045-SP0', 'event': 'loaded'}
2026-01-05 17:32:21,980 | INFO | root | Fold 3 Logistic Regression | F1 0.8843 | AUC 0.9634 | LogLoss 0.3611
2026-01-05 17:32:22,035 | INFO | gensim.utils | loading FastText object from C:\Users\nuwai\Documents\Sophia_Skill_Development\Sophia_projects\Burmese Scam Detector\burmese_money_scam_classification\models\fasttext_mmdt.model
2026-01-05 17:32:22,142 | INFO | gensim.utils | loading wv recursively from C:\Users\nuwai\Documents\Sophia_Skill_Development\Sophia_projects\Burmese Scam Detector\burmese_money_scam_classification\models\fasttext_mmdt.model.wv.* with mmap=None
2026-01-05 17:32:22,143 | INFO | gensim.utils | loading vectors_vocab from C:\Users\nuwai\Documents\Sophia_Skill_Development\Sophia_projects\Burmese Scam Detector\burmese_money_scam_classification\models\fasttext_mmdt.model.wv.vectors_vocab.npy with mmap=None
2026-01-05 17:32:22,737 | INFO | gensim.utils | loading vectors_ngrams from C:\Users\nuwai\Documents\Sophia_Skill_Development\Sophia_projects\Burmese Scam Detector\burmese_money_scam_classification\models\fasttext_mmdt.model.wv.vectors_ngrams.npy with mmap=None
2026-01-05 17:32:41,855 | INFO | gensim.utils | setting ignored attribute vectors to None
2026-01-05 17:32:41,902 | INFO | gensim.utils | setting ignored attribute buckets_word to None
2026-01-05 17:32:58,424 | INFO | gensim.utils | loading syn1neg from C:\Users\nuwai\Documents\Sophia_Skill_Development\Sophia_projects\Burmese Scam Detector\burmese_money_scam_classification\models\fasttext_mmdt.model.syn1neg.npy with mmap=None
2026-01-05 17:33:01,322 | INFO | gensim.utils | setting ignored attribute cum_table to None
2026-01-05 17:33:02,729 | INFO | gensim.utils | FastText lifecycle event {'fname': 'C:\\Users\\nuwai\\Documents\\Sophia_Skill_Development\\Sophia_projects\\Burmese Scam Detector\\burmese_money_scam_classification\\models\\fasttext_mmdt.model', 'datetime': '2026-01-05T17:33:02.709395', 'gensim': '4.4.0', 'python': '3.11.13 | packaged by Anaconda, Inc. | (main, Jun  5 2025, 13:03:15) [MSC v.1929 64 bit (AMD64)]', 'platform': 'Windows-10-10.0.19045-SP0', 'event': 'loaded'}
2026-01-05 17:33:26,930 | INFO | root | Fold 4 Logistic Regression | F1 0.8753 | AUC 0.9610 | LogLoss 0.3847
2026-01-05 17:33:26,991 | INFO | gensim.utils | loading FastText object from C:\Users\nuwai\Documents\Sophia_Skill_Development\Sophia_projects\Burmese Scam Detector\burmese_money_scam_classification\models\fasttext_mmdt.model
2026-01-05 17:33:27,149 | INFO | gensim.utils | loading wv recursively from C:\Users\nuwai\Documents\Sophia_Skill_Development\Sophia_projects\Burmese Scam Detector\burmese_money_scam_classification\models\fasttext_mmdt.model.wv.* with mmap=None
2026-01-05 17:33:27,151 | INFO | gensim.utils | loading vectors_vocab from C:\Users\nuwai\Documents\Sophia_Skill_Development\Sophia_projects\Burmese Scam Detector\burmese_money_scam_classification\models\fasttext_mmdt.model.wv.vectors_vocab.npy with mmap=None
2026-01-05 17:33:27,445 | INFO | gensim.utils | loading vectors_ngrams from C:\Users\nuwai\Documents\Sophia_Skill_Development\Sophia_projects\Burmese Scam Detector\burmese_money_scam_classification\models\fasttext_mmdt.model.wv.vectors_ngrams.npy with mmap=None
2026-01-05 17:33:56,923 | INFO | gensim.utils | setting ignored attribute vectors to None
2026-01-05 17:33:57,368 | INFO | gensim.utils | setting ignored attribute buckets_word to None
2026-01-05 17:34:26,498 | INFO | gensim.utils | loading syn1neg from C:\Users\nuwai\Documents\Sophia_Skill_Development\Sophia_projects\Burmese Scam Detector\burmese_money_scam_classification\models\fasttext_mmdt.model.syn1neg.npy with mmap=None
2026-01-05 17:34:27,504 | INFO | gensim.utils | setting ignored attribute cum_table to None
2026-01-05 17:34:29,158 | INFO | gensim.utils | FastText lifecycle event {'fname': 'C:\\Users\\nuwai\\Documents\\Sophia_Skill_Development\\Sophia_projects\\Burmese Scam Detector\\burmese_money_scam_classification\\models\\fasttext_mmdt.model', 'datetime': '2026-01-05T17:34:29.131952', 'gensim': '4.4.0', 'python': '3.11.13 | packaged by Anaconda, Inc. | (main, Jun  5 2025, 13:03:15) [MSC v.1929 64 bit (AMD64)]', 'platform': 'Windows-10-10.0.19045-SP0', 'event': 'loaded'}
2026-01-05 17:35:16,240 | INFO | root | Fold 5 Logistic Regression | F1 0.8788 | AUC 0.9597 | LogLoss 0.3835
2026-01-05 17:35:19,016 | INFO | gensim.utils | loading FastText object from C:\Users\nuwai\Documents\Sophia_Skill_Development\Sophia_projects\Burmese Scam Detector\burmese_money_scam_classification\models\fasttext_mmdt.model
2026-01-05 17:35:19,217 | INFO | gensim.utils | loading wv recursively from C:\Users\nuwai\Documents\Sophia_Skill_Development\Sophia_projects\Burmese Scam Detector\burmese_money_scam_classification\models\fasttext_mmdt.model.wv.* with mmap=None
2026-01-05 17:35:19,249 | INFO | gensim.utils | loading vectors_vocab from C:\Users\nuwai\Documents\Sophia_Skill_Development\Sophia_projects\Burmese Scam Detector\burmese_money_scam_classification\models\fasttext_mmdt.model.wv.vectors_vocab.npy with mmap=None
2026-01-05 17:35:19,544 | INFO | gensim.utils | loading vectors_ngrams from C:\Users\nuwai\Documents\Sophia_Skill_Development\Sophia_projects\Burmese Scam Detector\burmese_money_scam_classification\models\fasttext_mmdt.model.wv.vectors_ngrams.npy with mmap=None
2026-01-05 17:35:50,591 | INFO | gensim.utils | setting ignored attribute vectors to None
2026-01-05 17:35:52,129 | INFO | gensim.utils | setting ignored attribute buckets_word to None
2026-01-05 17:36:22,239 | INFO | gensim.utils | loading syn1neg from C:\Users\nuwai\Documents\Sophia_Skill_Development\Sophia_projects\Burmese Scam Detector\burmese_money_scam_classification\models\fasttext_mmdt.model.syn1neg.npy with mmap=None
2026-01-05 17:36:23,482 | INFO | gensim.utils | setting ignored attribute cum_table to None
2026-01-05 17:36:24,507 | INFO | gensim.utils | FastText lifecycle event {'fname': 'C:\\Users\\nuwai\\Documents\\Sophia_Skill_Development\\Sophia_projects\\Burmese Scam Detector\\burmese_money_scam_classification\\models\\fasttext_mmdt.model', 'datetime': '2026-01-05T17:36:24.492587', 'gensim': '4.4.0', 'python': '3.11.13 | packaged by Anaconda, Inc. | (main, Jun  5 2025, 13:03:15) [MSC v.1929 64 bit (AMD64)]', 'platform': 'Windows-10-10.0.19045-SP0', 'event': 'loaded'}
2026-01-05 17:36:26,776 | INFO | gensim.utils | loading FastText object from C:\Users\nuwai\Documents\Sophia_Skill_Development\Sophia_projects\Burmese Scam Detector\burmese_money_scam_classification\models\fasttext_mmdt.model
2026-01-05 17:36:27,210 | INFO | gensim.utils | loading wv recursively from C:\Users\nuwai\Documents\Sophia_Skill_Development\Sophia_projects\Burmese Scam Detector\burmese_money_scam_classification\models\fasttext_mmdt.model.wv.* with mmap=None
2026-01-05 17:36:27,212 | INFO | gensim.utils | loading vectors_vocab from C:\Users\nuwai\Documents\Sophia_Skill_Development\Sophia_projects\Burmese Scam Detector\burmese_money_scam_classification\models\fasttext_mmdt.model.wv.vectors_vocab.npy with mmap=None
2026-01-05 17:36:27,468 | INFO | gensim.utils | loading vectors_ngrams from C:\Users\nuwai\Documents\Sophia_Skill_Development\Sophia_projects\Burmese Scam Detector\burmese_money_scam_classification\models\fasttext_mmdt.model.wv.vectors_ngrams.npy with mmap=None
2026-01-05 17:38:01,915 | INFO | gensim.utils | setting ignored attribute vectors to None
2026-01-05 17:38:10,649 | INFO | gensim.utils | setting ignored attribute buckets_word to None
2026-01-05 17:38:31,491 | INFO | gensim.utils | loading syn1neg from C:\Users\nuwai\Documents\Sophia_Skill_Development\Sophia_projects\Burmese Scam Detector\burmese_money_scam_classification\models\fasttext_mmdt.model.syn1neg.npy with mmap=None
2026-01-05 17:38:32,678 | INFO | gensim.utils | setting ignored attribute cum_table to None
2026-01-05 17:38:34,818 | INFO | gensim.utils | FastText lifecycle event {'fname': 'C:\\Users\\nuwai\\Documents\\Sophia_Skill_Development\\Sophia_projects\\Burmese Scam Detector\\burmese_money_scam_classification\\models\\fasttext_mmdt.model', 'datetime': '2026-01-05T17:38:34.805008', 'gensim': '4.4.0', 'python': '3.11.13 | packaged by Anaconda, Inc. | (main, Jun  5 2025, 13:03:15) [MSC v.1929 64 bit (AMD64)]', 'platform': 'Windows-10-10.0.19045-SP0', 'event': 'loaded'}
2026-01-05 17:40:12,978 | INFO | root | Fold 1 Decision Tree | F1 0.8511 | AUC 0.8541 | LogLoss 5.2928
2026-01-05 17:40:13,060 | INFO | gensim.utils | loading FastText object from C:\Users\nuwai\Documents\Sophia_Skill_Development\Sophia_projects\Burmese Scam Detector\burmese_money_scam_classification\models\fasttext_mmdt.model
2026-01-05 17:40:13,314 | INFO | gensim.utils | loading wv recursively from C:\Users\nuwai\Documents\Sophia_Skill_Development\Sophia_projects\Burmese Scam Detector\burmese_money_scam_classification\models\fasttext_mmdt.model.wv.* with mmap=None
2026-01-05 17:40:13,316 | INFO | gensim.utils | loading vectors_vocab from C:\Users\nuwai\Documents\Sophia_Skill_Development\Sophia_projects\Burmese Scam Detector\burmese_money_scam_classification\models\fasttext_mmdt.model.wv.vectors_vocab.npy with mmap=None
2026-01-05 17:40:13,603 | INFO | gensim.utils | loading vectors_ngrams from C:\Users\nuwai\Documents\Sophia_Skill_Development\Sophia_projects\Burmese Scam Detector\burmese_money_scam_classification\models\fasttext_mmdt.model.wv.vectors_ngrams.npy with mmap=None
2026-01-05 17:40:45,615 | INFO | gensim.utils | setting ignored attribute vectors to None
2026-01-05 17:40:47,855 | INFO | gensim.utils | setting ignored attribute buckets_word to None
2026-01-05 17:41:35,187 | INFO | gensim.utils | loading syn1neg from C:\Users\nuwai\Documents\Sophia_Skill_Development\Sophia_projects\Burmese Scam Detector\burmese_money_scam_classification\models\fasttext_mmdt.model.syn1neg.npy with mmap=None
2026-01-05 17:41:36,435 | INFO | gensim.utils | setting ignored attribute cum_table to None
2026-01-05 17:41:37,831 | INFO | gensim.utils | FastText lifecycle event {'fname': 'C:\\Users\\nuwai\\Documents\\Sophia_Skill_Development\\Sophia_projects\\Burmese Scam Detector\\burmese_money_scam_classification\\models\\fasttext_mmdt.model', 'datetime': '2026-01-05T17:41:37.803439', 'gensim': '4.4.0', 'python': '3.11.13 | packaged by Anaconda, Inc. | (main, Jun  5 2025, 13:03:15) [MSC v.1929 64 bit (AMD64)]', 'platform': 'Windows-10-10.0.19045-SP0', 'event': 'loaded'}
2026-01-05 17:42:37,171 | INFO | root | Fold 2 Decision Tree | F1 0.8366 | AUC 0.8400 | LogLoss 5.8550
2026-01-05 17:42:37,227 | INFO | gensim.utils | loading FastText object from C:\Users\nuwai\Documents\Sophia_Skill_Development\Sophia_projects\Burmese Scam Detector\burmese_money_scam_classification\models\fasttext_mmdt.model
2026-01-05 17:42:37,449 | INFO | gensim.utils | loading wv recursively from C:\Users\nuwai\Documents\Sophia_Skill_Development\Sophia_projects\Burmese Scam Detector\burmese_money_scam_classification\models\fasttext_mmdt.model.wv.* with mmap=None
2026-01-05 17:42:37,451 | INFO | gensim.utils | loading vectors_vocab from C:\Users\nuwai\Documents\Sophia_Skill_Development\Sophia_projects\Burmese Scam Detector\burmese_money_scam_classification\models\fasttext_mmdt.model.wv.vectors_vocab.npy with mmap=None
2026-01-05 17:42:37,748 | INFO | gensim.utils | loading vectors_ngrams from C:\Users\nuwai\Documents\Sophia_Skill_Development\Sophia_projects\Burmese Scam Detector\burmese_money_scam_classification\models\fasttext_mmdt.model.wv.vectors_ngrams.npy with mmap=None
2026-01-05 17:45:18,268 | INFO | gensim.utils | setting ignored attribute vectors to None
2026-01-05 17:45:23,715 | INFO | gensim.utils | setting ignored attribute buckets_word to None
2026-01-05 17:46:04,936 | INFO | gensim.utils | loading syn1neg from C:\Users\nuwai\Documents\Sophia_Skill_Development\Sophia_projects\Burmese Scam Detector\burmese_money_scam_classification\models\fasttext_mmdt.model.syn1neg.npy with mmap=None
2026-01-05 17:46:08,286 | INFO | gensim.utils | setting ignored attribute cum_table to None
2026-01-05 17:46:09,855 | INFO | gensim.utils | FastText lifecycle event {'fname': 'C:\\Users\\nuwai\\Documents\\Sophia_Skill_Development\\Sophia_projects\\Burmese Scam Detector\\burmese_money_scam_classification\\models\\fasttext_mmdt.model', 'datetime': '2026-01-05T17:46:09.801938', 'gensim': '4.4.0', 'python': '3.11.13 | packaged by Anaconda, Inc. | (main, Jun  5 2025, 13:03:15) [MSC v.1929 64 bit (AMD64)]', 'platform': 'Windows-10-10.0.19045-SP0', 'event': 'loaded'}
2026-01-05 17:47:40,720 | INFO | root | Fold 3 Decision Tree | F1 0.8313 | AUC 0.8356 | LogLoss 6.0506
2026-01-05 17:47:40,786 | INFO | gensim.utils | loading FastText object from C:\Users\nuwai\Documents\Sophia_Skill_Development\Sophia_projects\Burmese Scam Detector\burmese_money_scam_classification\models\fasttext_mmdt.model
2026-01-05 17:47:41,018 | INFO | gensim.utils | loading wv recursively from C:\Users\nuwai\Documents\Sophia_Skill_Development\Sophia_projects\Burmese Scam Detector\burmese_money_scam_classification\models\fasttext_mmdt.model.wv.* with mmap=None
2026-01-05 17:47:41,020 | INFO | gensim.utils | loading vectors_vocab from C:\Users\nuwai\Documents\Sophia_Skill_Development\Sophia_projects\Burmese Scam Detector\burmese_money_scam_classification\models\fasttext_mmdt.model.wv.vectors_vocab.npy with mmap=None
2026-01-05 17:47:41,349 | INFO | gensim.utils | loading vectors_ngrams from C:\Users\nuwai\Documents\Sophia_Skill_Development\Sophia_projects\Burmese Scam Detector\burmese_money_scam_classification\models\fasttext_mmdt.model.wv.vectors_ngrams.npy with mmap=None
2026-01-05 17:50:05,049 | INFO | gensim.utils | setting ignored attribute vectors to None
2026-01-05 17:50:06,011 | INFO | gensim.utils | setting ignored attribute buckets_word to None
2026-01-05 17:50:49,410 | INFO | gensim.utils | loading syn1neg from C:\Users\nuwai\Documents\Sophia_Skill_Development\Sophia_projects\Burmese Scam Detector\burmese_money_scam_classification\models\fasttext_mmdt.model.syn1neg.npy with mmap=None
2026-01-05 17:50:51,341 | INFO | gensim.utils | setting ignored attribute cum_table to None
2026-01-05 17:50:52,983 | INFO | gensim.utils | FastText lifecycle event {'fname': 'C:\\Users\\nuwai\\Documents\\Sophia_Skill_Development\\Sophia_projects\\Burmese Scam Detector\\burmese_money_scam_classification\\models\\fasttext_mmdt.model', 'datetime': '2026-01-05T17:50:52.933338', 'gensim': '4.4.0', 'python': '3.11.13 | packaged by Anaconda, Inc. | (main, Jun  5 2025, 13:03:15) [MSC v.1929 64 bit (AMD64)]', 'platform': 'Windows-10-10.0.19045-SP0', 'event': 'loaded'}
2026-01-05 17:52:09,660 | INFO | root | Fold 4 Decision Tree | F1 0.8275 | AUC 0.8323 | LogLoss 6.1656
2026-01-05 17:52:09,830 | INFO | gensim.utils | loading FastText object from C:\Users\nuwai\Documents\Sophia_Skill_Development\Sophia_projects\Burmese Scam Detector\burmese_money_scam_classification\models\fasttext_mmdt.model
2026-01-05 17:52:10,476 | INFO | gensim.utils | loading wv recursively from C:\Users\nuwai\Documents\Sophia_Skill_Development\Sophia_projects\Burmese Scam Detector\burmese_money_scam_classification\models\fasttext_mmdt.model.wv.* with mmap=None
2026-01-05 17:52:10,483 | INFO | gensim.utils | loading vectors_vocab from C:\Users\nuwai\Documents\Sophia_Skill_Development\Sophia_projects\Burmese Scam Detector\burmese_money_scam_classification\models\fasttext_mmdt.model.wv.vectors_vocab.npy with mmap=None
2026-01-05 17:52:10,830 | INFO | gensim.utils | loading vectors_ngrams from C:\Users\nuwai\Documents\Sophia_Skill_Development\Sophia_projects\Burmese Scam Detector\burmese_money_scam_classification\models\fasttext_mmdt.model.wv.vectors_ngrams.npy with mmap=None
2026-01-05 17:56:03,045 | INFO | gensim.utils | setting ignored attribute vectors to None
2026-01-05 17:56:07,286 | INFO | gensim.utils | setting ignored attribute buckets_word to None
2026-01-05 17:56:51,135 | INFO | gensim.utils | loading syn1neg from C:\Users\nuwai\Documents\Sophia_Skill_Development\Sophia_projects\Burmese Scam Detector\burmese_money_scam_classification\models\fasttext_mmdt.model.syn1neg.npy with mmap=None
2026-01-05 17:56:54,462 | INFO | gensim.utils | setting ignored attribute cum_table to None
2026-01-05 17:56:56,592 | INFO | gensim.utils | FastText lifecycle event {'fname': 'C:\\Users\\nuwai\\Documents\\Sophia_Skill_Development\\Sophia_projects\\Burmese Scam Detector\\burmese_money_scam_classification\\models\\fasttext_mmdt.model', 'datetime': '2026-01-05T17:56:56.526379', 'gensim': '4.4.0', 'python': '3.11.13 | packaged by Anaconda, Inc. | (main, Jun  5 2025, 13:03:15) [MSC v.1929 64 bit (AMD64)]', 'platform': 'Windows-10-10.0.19045-SP0', 'event': 'loaded'}
2026-01-05 17:58:58,338 | INFO | root | Fold 5 Decision Tree | F1 0.8383 | AUC 0.8425 | LogLoss 5.7862
2026-01-05 17:58:59,457 | INFO | gensim.utils | loading FastText object from C:\Users\nuwai\Documents\Sophia_Skill_Development\Sophia_projects\Burmese Scam Detector\burmese_money_scam_classification\models\fasttext_mmdt.model
2026-01-05 17:58:59,786 | INFO | gensim.utils | loading wv recursively from C:\Users\nuwai\Documents\Sophia_Skill_Development\Sophia_projects\Burmese Scam Detector\burmese_money_scam_classification\models\fasttext_mmdt.model.wv.* with mmap=None
2026-01-05 17:58:59,789 | INFO | gensim.utils | loading vectors_vocab from C:\Users\nuwai\Documents\Sophia_Skill_Development\Sophia_projects\Burmese Scam Detector\burmese_money_scam_classification\models\fasttext_mmdt.model.wv.vectors_vocab.npy with mmap=None
2026-01-05 17:59:00,130 | INFO | gensim.utils | loading vectors_ngrams from C:\Users\nuwai\Documents\Sophia_Skill_Development\Sophia_projects\Burmese Scam Detector\burmese_money_scam_classification\models\fasttext_mmdt.model.wv.vectors_ngrams.npy with mmap=None
2026-01-05 18:04:52,900 | INFO | gensim.utils | setting ignored attribute vectors to None
2026-01-05 18:04:56,876 | INFO | gensim.utils | setting ignored attribute buckets_word to None
2026-01-05 18:05:46,866 | INFO | gensim.utils | loading syn1neg from C:\Users\nuwai\Documents\Sophia_Skill_Development\Sophia_projects\Burmese Scam Detector\burmese_money_scam_classification\models\fasttext_mmdt.model.syn1neg.npy with mmap=None
2026-01-05 18:05:50,076 | INFO | gensim.utils | setting ignored attribute cum_table to None
2026-01-05 18:05:53,175 | INFO | gensim.utils | FastText lifecycle event {'fname': 'C:\\Users\\nuwai\\Documents\\Sophia_Skill_Development\\Sophia_projects\\Burmese Scam Detector\\burmese_money_scam_classification\\models\\fasttext_mmdt.model', 'datetime': '2026-01-05T18:05:53.040884', 'gensim': '4.4.0', 'python': '3.11.13 | packaged by Anaconda, Inc. | (main, Jun  5 2025, 13:03:15) [MSC v.1929 64 bit (AMD64)]', 'platform': 'Windows-10-10.0.19045-SP0', 'event': 'loaded'}
2026-01-05 18:08:41,494 | INFO | root | Fold 1 Random Forest | F1 0.9047 | AUC 0.9763 | LogLoss 0.3109
2026-01-05 18:08:41,547 | INFO | gensim.utils | loading FastText object from C:\Users\nuwai\Documents\Sophia_Skill_Development\Sophia_projects\Burmese Scam Detector\burmese_money_scam_classification\models\fasttext_mmdt.model
2026-01-05 18:08:41,725 | INFO | gensim.utils | loading wv recursively from C:\Users\nuwai\Documents\Sophia_Skill_Development\Sophia_projects\Burmese Scam Detector\burmese_money_scam_classification\models\fasttext_mmdt.model.wv.* with mmap=None
2026-01-05 18:08:41,727 | INFO | gensim.utils | loading vectors_vocab from C:\Users\nuwai\Documents\Sophia_Skill_Development\Sophia_projects\Burmese Scam Detector\burmese_money_scam_classification\models\fasttext_mmdt.model.wv.vectors_vocab.npy with mmap=None
2026-01-05 18:08:42,035 | INFO | gensim.utils | loading vectors_ngrams from C:\Users\nuwai\Documents\Sophia_Skill_Development\Sophia_projects\Burmese Scam Detector\burmese_money_scam_classification\models\fasttext_mmdt.model.wv.vectors_ngrams.npy with mmap=None
2026-01-05 18:09:47,119 | INFO | gensim.utils | setting ignored attribute vectors to None
2026-01-05 18:09:48,515 | INFO | gensim.utils | setting ignored attribute buckets_word to None
2026-01-05 18:10:12,176 | INFO | gensim.utils | loading syn1neg from C:\Users\nuwai\Documents\Sophia_Skill_Development\Sophia_projects\Burmese Scam Detector\burmese_money_scam_classification\models\fasttext_mmdt.model.syn1neg.npy with mmap=None
2026-01-05 18:10:15,860 | INFO | gensim.utils | setting ignored attribute cum_table to None
2026-01-05 18:10:17,585 | INFO | gensim.utils | FastText lifecycle event {'fname': 'C:\\Users\\nuwai\\Documents\\Sophia_Skill_Development\\Sophia_projects\\Burmese Scam Detector\\burmese_money_scam_classification\\models\\fasttext_mmdt.model', 'datetime': '2026-01-05T18:10:17.509146', 'gensim': '4.4.0', 'python': '3.11.13 | packaged by Anaconda, Inc. | (main, Jun  5 2025, 13:03:15) [MSC v.1929 64 bit (AMD64)]', 'platform': 'Windows-10-10.0.19045-SP0', 'event': 'loaded'}
2026-01-05 18:11:59,570 | INFO | root | Fold 2 Random Forest | F1 0.8904 | AUC 0.9729 | LogLoss 0.3078
2026-01-05 18:11:59,680 | INFO | gensim.utils | loading FastText object from C:\Users\nuwai\Documents\Sophia_Skill_Development\Sophia_projects\Burmese Scam Detector\burmese_money_scam_classification\models\fasttext_mmdt.model
2026-01-05 18:12:00,142 | INFO | gensim.utils | loading wv recursively from C:\Users\nuwai\Documents\Sophia_Skill_Development\Sophia_projects\Burmese Scam Detector\burmese_money_scam_classification\models\fasttext_mmdt.model.wv.* with mmap=None
2026-01-05 18:12:00,144 | INFO | gensim.utils | loading vectors_vocab from C:\Users\nuwai\Documents\Sophia_Skill_Development\Sophia_projects\Burmese Scam Detector\burmese_money_scam_classification\models\fasttext_mmdt.model.wv.vectors_vocab.npy with mmap=None
2026-01-05 18:12:00,462 | INFO | gensim.utils | loading vectors_ngrams from C:\Users\nuwai\Documents\Sophia_Skill_Development\Sophia_projects\Burmese Scam Detector\burmese_money_scam_classification\models\fasttext_mmdt.model.wv.vectors_ngrams.npy with mmap=None
2026-01-05 18:15:05,895 | INFO | gensim.utils | setting ignored attribute vectors to None
2026-01-05 18:15:14,496 | INFO | gensim.utils | setting ignored attribute buckets_word to None
2026-01-05 18:16:09,271 | INFO | gensim.utils | loading syn1neg from C:\Users\nuwai\Documents\Sophia_Skill_Development\Sophia_projects\Burmese Scam Detector\burmese_money_scam_classification\models\fasttext_mmdt.model.syn1neg.npy with mmap=None
2026-01-05 18:16:11,869 | INFO | gensim.utils | setting ignored attribute cum_table to None
2026-01-05 18:16:14,143 | INFO | gensim.utils | FastText lifecycle event {'fname': 'C:\\Users\\nuwai\\Documents\\Sophia_Skill_Development\\Sophia_projects\\Burmese Scam Detector\\burmese_money_scam_classification\\models\\fasttext_mmdt.model', 'datetime': '2026-01-05T18:16:14.100592', 'gensim': '4.4.0', 'python': '3.11.13 | packaged by Anaconda, Inc. | (main, Jun  5 2025, 13:03:15) [MSC v.1929 64 bit (AMD64)]', 'platform': 'Windows-10-10.0.19045-SP0', 'event': 'loaded'}
2026-01-05 18:18:27,384 | INFO | root | Fold 3 Random Forest | F1 0.8966 | AUC 0.9747 | LogLoss 0.3381
2026-01-05 18:18:27,447 | INFO | gensim.utils | loading FastText object from C:\Users\nuwai\Documents\Sophia_Skill_Development\Sophia_projects\Burmese Scam Detector\burmese_money_scam_classification\models\fasttext_mmdt.model
2026-01-05 18:18:28,049 | INFO | gensim.utils | loading wv recursively from C:\Users\nuwai\Documents\Sophia_Skill_Development\Sophia_projects\Burmese Scam Detector\burmese_money_scam_classification\models\fasttext_mmdt.model.wv.* with mmap=None
2026-01-05 18:18:28,050 | INFO | gensim.utils | loading vectors_vocab from C:\Users\nuwai\Documents\Sophia_Skill_Development\Sophia_projects\Burmese Scam Detector\burmese_money_scam_classification\models\fasttext_mmdt.model.wv.vectors_vocab.npy with mmap=None
2026-01-05 18:18:28,359 | INFO | gensim.utils | loading vectors_ngrams from C:\Users\nuwai\Documents\Sophia_Skill_Development\Sophia_projects\Burmese Scam Detector\burmese_money_scam_classification\models\fasttext_mmdt.model.wv.vectors_ngrams.npy with mmap=None
2026-01-05 18:19:21,586 | INFO | gensim.utils | setting ignored attribute vectors to None
2026-01-05 18:19:23,707 | INFO | gensim.utils | setting ignored attribute buckets_word to None
2026-01-05 18:19:51,403 | INFO | gensim.utils | loading syn1neg from C:\Users\nuwai\Documents\Sophia_Skill_Development\Sophia_projects\Burmese Scam Detector\burmese_money_scam_classification\models\fasttext_mmdt.model.syn1neg.npy with mmap=None
2026-01-05 18:19:53,859 | INFO | gensim.utils | setting ignored attribute cum_table to None
2026-01-05 18:19:55,361 | INFO | gensim.utils | FastText lifecycle event {'fname': 'C:\\Users\\nuwai\\Documents\\Sophia_Skill_Development\\Sophia_projects\\Burmese Scam Detector\\burmese_money_scam_classification\\models\\fasttext_mmdt.model', 'datetime': '2026-01-05T18:19:55.291661', 'gensim': '4.4.0', 'python': '3.11.13 | packaged by Anaconda, Inc. | (main, Jun  5 2025, 13:03:15) [MSC v.1929 64 bit (AMD64)]', 'platform': 'Windows-10-10.0.19045-SP0', 'event': 'loaded'}
2026-01-05 18:21:44,394 | INFO | root | Fold 4 Random Forest | F1 0.8918 | AUC 0.9724 | LogLoss 0.3175
2026-01-05 18:21:44,469 | INFO | gensim.utils | loading FastText object from C:\Users\nuwai\Documents\Sophia_Skill_Development\Sophia_projects\Burmese Scam Detector\burmese_money_scam_classification\models\fasttext_mmdt.model
2026-01-05 18:21:44,673 | INFO | gensim.utils | loading wv recursively from C:\Users\nuwai\Documents\Sophia_Skill_Development\Sophia_projects\Burmese Scam Detector\burmese_money_scam_classification\models\fasttext_mmdt.model.wv.* with mmap=None
2026-01-05 18:21:44,674 | INFO | gensim.utils | loading vectors_vocab from C:\Users\nuwai\Documents\Sophia_Skill_Development\Sophia_projects\Burmese Scam Detector\burmese_money_scam_classification\models\fasttext_mmdt.model.wv.vectors_vocab.npy with mmap=None
2026-01-05 18:21:44,989 | INFO | gensim.utils | loading vectors_ngrams from C:\Users\nuwai\Documents\Sophia_Skill_Development\Sophia_projects\Burmese Scam Detector\burmese_money_scam_classification\models\fasttext_mmdt.model.wv.vectors_ngrams.npy with mmap=None
2026-01-05 18:23:00,057 | INFO | gensim.utils | setting ignored attribute vectors to None
2026-01-05 18:23:04,348 | INFO | gensim.utils | setting ignored attribute buckets_word to None
2026-01-05 18:24:08,110 | INFO | gensim.utils | loading syn1neg from C:\Users\nuwai\Documents\Sophia_Skill_Development\Sophia_projects\Burmese Scam Detector\burmese_money_scam_classification\models\fasttext_mmdt.model.syn1neg.npy with mmap=None
2026-01-05 18:24:10,259 | INFO | gensim.utils | setting ignored attribute cum_table to None
2026-01-05 18:24:11,497 | INFO | gensim.utils | FastText lifecycle event {'fname': 'C:\\Users\\nuwai\\Documents\\Sophia_Skill_Development\\Sophia_projects\\Burmese Scam Detector\\burmese_money_scam_classification\\models\\fasttext_mmdt.model', 'datetime': '2026-01-05T18:24:11.436218', 'gensim': '4.4.0', 'python': '3.11.13 | packaged by Anaconda, Inc. | (main, Jun  5 2025, 13:03:15) [MSC v.1929 64 bit (AMD64)]', 'platform': 'Windows-10-10.0.19045-SP0', 'event': 'loaded'}
2026-01-05 18:25:51,426 | INFO | root | Fold 5 Random Forest | F1 0.8908 | AUC 0.9748 | LogLoss 0.3023
2026-01-05 18:25:51,785 | INFO | gensim.utils | loading FastText object from C:\Users\nuwai\Documents\Sophia_Skill_Development\Sophia_projects\Burmese Scam Detector\burmese_money_scam_classification\models\fasttext_mmdt.model
2026-01-05 18:25:51,995 | INFO | gensim.utils | loading wv recursively from C:\Users\nuwai\Documents\Sophia_Skill_Development\Sophia_projects\Burmese Scam Detector\burmese_money_scam_classification\models\fasttext_mmdt.model.wv.* with mmap=None
2026-01-05 18:25:51,997 | INFO | gensim.utils | loading vectors_vocab from C:\Users\nuwai\Documents\Sophia_Skill_Development\Sophia_projects\Burmese Scam Detector\burmese_money_scam_classification\models\fasttext_mmdt.model.wv.vectors_vocab.npy with mmap=None
2026-01-05 18:25:52,325 | INFO | gensim.utils | loading vectors_ngrams from C:\Users\nuwai\Documents\Sophia_Skill_Development\Sophia_projects\Burmese Scam Detector\burmese_money_scam_classification\models\fasttext_mmdt.model.wv.vectors_ngrams.npy with mmap=None
2026-01-05 18:27:03,840 | INFO | gensim.utils | setting ignored attribute vectors to None
2026-01-05 18:27:06,900 | INFO | gensim.utils | setting ignored attribute buckets_word to None
2026-01-05 18:27:32,017 | INFO | gensim.utils | loading syn1neg from C:\Users\nuwai\Documents\Sophia_Skill_Development\Sophia_projects\Burmese Scam Detector\burmese_money_scam_classification\models\fasttext_mmdt.model.syn1neg.npy with mmap=None
2026-01-05 18:27:34,102 | INFO | gensim.utils | setting ignored attribute cum_table to None
2026-01-05 18:27:35,495 | INFO | gensim.utils | FastText lifecycle event {'fname': 'C:\\Users\\nuwai\\Documents\\Sophia_Skill_Development\\Sophia_projects\\Burmese Scam Detector\\burmese_money_scam_classification\\models\\fasttext_mmdt.model', 'datetime': '2026-01-05T18:27:35.444428', 'gensim': '4.4.0', 'python': '3.11.13 | packaged by Anaconda, Inc. | (main, Jun  5 2025, 13:03:15) [MSC v.1929 64 bit (AMD64)]', 'platform': 'Windows-10-10.0.19045-SP0', 'event': 'loaded'}
2026-01-05 18:27:50,852 | INFO | gensim.utils | loading FastText object from C:\Users\nuwai\Documents\Sophia_Skill_Development\Sophia_projects\Burmese Scam Detector\burmese_money_scam_classification\models\fasttext_mmdt.model
2026-01-05 18:27:50,988 | INFO | gensim.utils | loading wv recursively from C:\Users\nuwai\Documents\Sophia_Skill_Development\Sophia_projects\Burmese Scam Detector\burmese_money_scam_classification\models\fasttext_mmdt.model.wv.* with mmap=None
2026-01-05 18:27:50,990 | INFO | gensim.utils | loading vectors_vocab from C:\Users\nuwai\Documents\Sophia_Skill_Development\Sophia_projects\Burmese Scam Detector\burmese_money_scam_classification\models\fasttext_mmdt.model.wv.vectors_vocab.npy with mmap=None
2026-01-05 18:27:51,534 | INFO | gensim.utils | loading vectors_ngrams from C:\Users\nuwai\Documents\Sophia_Skill_Development\Sophia_projects\Burmese Scam Detector\burmese_money_scam_classification\models\fasttext_mmdt.model.wv.vectors_ngrams.npy with mmap=None
2026-01-05 18:29:41,181 | INFO | gensim.utils | setting ignored attribute vectors to None
2026-01-05 18:29:43,250 | INFO | gensim.utils | setting ignored attribute buckets_word to None
2026-01-05 18:30:10,054 | INFO | gensim.utils | loading syn1neg from C:\Users\nuwai\Documents\Sophia_Skill_Development\Sophia_projects\Burmese Scam Detector\burmese_money_scam_classification\models\fasttext_mmdt.model.syn1neg.npy with mmap=None
2026-01-05 18:30:14,862 | INFO | gensim.utils | setting ignored attribute cum_table to None
2026-01-05 18:30:17,830 | INFO | gensim.utils | FastText lifecycle event {'fname': 'C:\\Users\\nuwai\\Documents\\Sophia_Skill_Development\\Sophia_projects\\Burmese Scam Detector\\burmese_money_scam_classification\\models\\fasttext_mmdt.model', 'datetime': '2026-01-05T18:30:17.686931', 'gensim': '4.4.0', 'python': '3.11.13 | packaged by Anaconda, Inc. | (main, Jun  5 2025, 13:03:15) [MSC v.1929 64 bit (AMD64)]', 'platform': 'Windows-10-10.0.19045-SP0', 'event': 'loaded'}
2026-01-05 19:11:06,062 | INFO | root | Class distribution: {np.int64(0): 10905, np.int64(1): 5961, np.int64(2): 2481}
2026-01-05 19:12:37,051 | INFO | root | Fold 1 SVM | F1 0.9015 | AUC 0.9726 | LogLoss 0.2717
2026-01-05 19:14:05,656 | INFO | root | Fold 2 SVM | F1 0.8904 | AUC 0.9679 | LogLoss 0.2941
2026-01-05 19:15:34,835 | INFO | root | Fold 3 SVM | F1 0.9021 | AUC 0.9733 | LogLoss 0.2735
2026-01-05 19:17:04,239 | INFO | root | Fold 4 SVM | F1 0.8948 | AUC 0.9715 | LogLoss 0.2834
2026-01-05 19:18:33,873 | INFO | root | Fold 5 SVM | F1 0.8928 | AUC 0.9715 | LogLoss 0.2850
2026-01-05 19:18:51,924 | INFO | root | Best hyperparameters for SVM: {'classifier__kernel': 'linear', 'classifier__gamma': 0.01, 'classifier__degree': 2, 'classifier__C': 1}
2026-01-05 19:20:53,483 | INFO | root | Best model SVM with CV F1 0.8963 | Test weighted F1 0.8914
